#
# A fatal error has been detected by the Java Runtime Environment:
#
#  SIGSEGV (0xb) at pc=0x00007efc610a6470, pid=12465, tid=14299
#
# JRE version: OpenJDK Runtime Environment (19.0.2+7) (build 19.0.2+7-44)
# Java VM: OpenJDK 64-Bit Server VM (19.0.2+7-44, mixed mode, sharing, tiered, compressed oops, compressed class ptrs, g1 gc, linux-amd64)
# Problematic frame:
# C  [libc.so.6+0x8e470]  __pthread_rwlock_wrlock+0x0
#
# No core dump will be written. Core dumps have been disabled. To enable core dumping, try "ulimit -c unlimited" before starting Java again
#
# If you would like to submit a bug report, please visit:
#   https://bugreport.java.com/bugreport/crash.jsp
#

---------------  S U M M A R Y ------------

Command Line: -javaagent:/opt/idea/lib/idea_rt.jar=46503:/opt/idea/bin -Dfile.encoding=UTF-8 -Dsun.stdout.encoding=UTF-8 -Dsun.stderr.encoding=UTF-8 -Dawt.useSystemAAFontSettings=on -Dswing.aatext=true uz.mh.messenger.MessengerApplication

Host: 11th Gen Intel(R) Core(TM) i3-1115G4 @ 3.00GHz, 4 cores, 7G, Kali GNU/Linux Rolling
Time: Fri Apr 19 09:20:02 2024 +05 elapsed time: 197.575191 seconds (0d 0h 3m 17s)

---------------  T H R E A D  ---------------

Current thread is native thread

Stack: [0x00007efbb37f9000,0x00007efbb3ff8000],  sp=0x00007efbb3ff6018,  free space=8180k
Native frames: (J=compiled Java code, j=interpreted, Vv=VM code, C=native code)
C  [libc.so.6+0x8e470]  __pthread_rwlock_wrlock+0x0


siginfo: si_signo: 11 (SIGSEGV), si_code: 1 (SEGV_MAPERR), si_addr: 0x0000000000000018

Registers:
RAX=0x0000000000000001, RBX=0x00007efbb807c808, RCX=0x0000000000000000, RDX=0x0000000000000001
RSP=0x00007efbb3ff6018, RBP=0x00007efbb807c808, RSI=0x00007efbf07bbc30, RDI=0x0000000000000000
R8 =0x00007efbb807c808, R9 =0x0000000000000000, R10=0x3a8096486b0ce778, R11=0x0000000000000293
R12=0x0000000000000000, R13=0x00007efbb807c908